# JRE version: OpenJDK Runtime Environment Temurin-19.0.1+10 (19.0.1+10) (build 19.0.1+10)
# Java VM: OpenJDK 64-Bit Server VM Temurin-19.0.1+10 (19.0.1+10, mixed mode, tiered, compressed oops, compressed class ptrs, g1 gc, windows-amd64)
GC Precious Log:
 CardTable entry size: 512
 Card Set container configuration: InlinePtr #cards 5 size 8 Array Of Cards #cards 12 size 40 Howl #buckets 4 coarsen threshold 1843 Howl Bitmap #cards 512 size 80 coarsen threshold 460 Card regions per heap region 1 cards per card region 2048
 CPUs: 12 total, 12 available
 Memory: 7813M
 Large Page Support: Disabled
 NUMA Support: Disabled
 Compressed Oops: Enabled (32-bit)
 Heap Region Size: 1M
 Heap Min Capacity: 8M
 Heap Initial Capacity: 124M
 Heap Max Capacity: 1954M
 Pre-touch: Disabled
 Parallel Workers: 10
 Concurrent Workers: 3
 Concurrent Refinement Workers: 10
 Periodic GC: Disabled
Heap:
 garbage-first heap   total 51200K, used 18184K [0x0000000085e00000, 0x0000000100000000)
  region size 1024K, 5 young (5120K), 1 survivors (1024K)
 Metaspace       used 42272K, committed 42880K, reserved 1114112K
  class space    used 4796K, committed 5120K, reserved 1048576K
GC Heap History (18 events):
Event: 0.519 GC heap before
{Heap before GC invocations=0 (full 0):
 garbage-first heap   total 126976K, used 23552K [0x0000000085e00000, 0x0000000100000000)
  region size 1024K, 23 young (23552K), 0 survivors (0K)
 Metaspace       used 15534K, committed 15808K, reserved 1114112K
  class space    used 1530K, committed 1664K, reserved 1048576K
}
Event: 0.524 GC heap after
{Heap after GC invocations=1 (full 0):
 garbage-first heap   total 126976K, used 4696K [0x0000000085e00000, 0x0000000100000000)
  region size 1024K, 3 young (3072K), 3 survivors (3072K)
 Metaspace       used 15534K, committed 15808K, reserved 1114112K
  class space    used 1530K, committed 1664K, reserved 1048576K
}
Event: 0.660 GC heap before
{Heap before GC invocations=1 (full 0):
 garbage-first heap   total 126976K, used 23128K [0x0000000085e00000, 0x0000000100000000)
  region size 1024K, 22 young (22528K), 3 survivors (3072K)
 Metaspace       used 21236K, committed 21504K, reserved 1114112K
  class space    used 2153K, committed 2304K, reserved 1048576K
}
Event: 0.663 GC heap after
{Heap after GC invocations=2 (full 0):
 garbage-first heap   total 126976K, used 6348K [0x0000000085e00000, 0x0000000100000000)
  region size 1024K, 2 young (2048K), 2 survivors (2048K)
 Metaspace       used 21236K, committed 21504K, reserved 1114112K
  class space    used 2153K, committed 2304K, reserved 1048576K
}
Event: 0.847 GC heap before
{Heap before GC invocations=3 (full 0):
 garbage-first heap   total 27648K, used 26828K [0x0000000085e00000, 0x0000000100000000)
  region size 1024K, 22 young (22528K), 2 survivors (2048K)
 Metaspace       used 25799K, committed 26048K, reserved 1114112K
  class space    used 2757K, committed 2880K, reserved 1048576K
}
Event: 0.850 GC heap after
{Heap after GC invocations=4 (full 0):
 garbage-first heap   total 31744K, used 8683K [0x0000000085e00000, 0x0000000100000000)
  region size 1024K, 4 young (4096K), 4 survivors (4096K)
 Metaspace       used 25799K, committed 26048K, reserved 1114112K
  class space    used 2757K, committed 2880K, reserved 1048576K
}
Event: 0.855 GC heap before
{Heap before GC invocations=4 (full 0):
 garbage-first heap   total 31744K, used 9707K [0x0000000085e00000, 0x0000000100000000)
  region size 1024K, 5 young (5120K), 4 survivors (4096K)
 Metaspace       used 25818K, committed 26176K, reserved 1114112K
  class space    used 2760K, committed 2944K, reserved 1048576K
}
Event: 0.858 GC heap after
{Heap after GC invocations=5 (full 0):
 garbage-first heap   total 31744K, used 9085K [0x0000000085e00000, 0x0000000100000000)
  region size 1024K, 1 young (1024K), 1 survivors (1024K)
 Metaspace       used 25818K, committed 26176K, reserved 1114112K
  class space    used 2760K, committed 2944K, reserved 1048576K
}
Event: 1.009 GC heap before
{Heap before GC invocations=5 (full 0):
 garbage-first heap   total 31744K, used 19325K [0x0000000085e00000, 0x0000000100000000)
  region size 1024K, 12 young (12288K), 1 survivors (1024K)
 Metaspace       used 27434K, committed 27712K, reserved 1114112K
  class space    used 2932K, committed 3072K, reserved 1048576K
}
Event: 1.011 GC heap after
{Heap after GC invocations=6 (full 0):
 garbage-first heap   total 31744K, used 9442K [0x0000000085e00000, 0x0000000100000000)
  region size 1024K, 1 young (1024K), 1 survivors (1024K)
 Metaspace       used 27434K, committed 27712K, reserved 1114112K
  class space    used 2932K, committed 3072K, reserved 1048576K
}
Event: 1.224 GC heap before
{Heap before GC invocations=6 (full 0):
 garbage-first heap   total 31744K, used 21730K [0x0000000085e00000, 0x0000000100000000)
  region size 1024K, 13 young (13312K), 1 survivors (1024K)
 Metaspace       used 30213K, committed 30592K, reserved 1114112K
  class space    used 3295K, committed 3456K, reserved 1048576K
}
Event: 1.227 GC heap after
{Heap after GC invocations=7 (full 0):
 garbage-first heap   total 63488K, used 10632K [0x0000000085e00000, 0x0000000100000000)
  region size 1024K, 2 young (2048K), 2 survivors (2048K)
 Metaspace       used 30213K, committed 30592K, reserved 1114112K
  class space    used 3295K, committed 3456K, reserved 1048576K
}
Event: 1.576 GC heap before
{Heap before GC invocations=7 (full 0):
 garbage-first heap   total 63488K, used 31112K [0x0000000085e00000, 0x0000000100000000)
  region size 1024K, 24 young (24576K), 2 survivors (2048K)
 Metaspace       used 35533K, committed 35968K, reserved 1114112K
  class space    used 3947K, committed 4160K, reserved 1048576K
}
Event: 1.579 GC heap after
{Heap after GC invocations=8 (full 0):
 garbage-first heap   total 63488K, used 12988K [0x0000000085e00000, 0x0000000100000000)
  region size 1024K, 5 young (5120K), 5 survivors (5120K)
 Metaspace       used 35533K, committed 35968K, reserved 1114112K
  class space    used 3947K, committed 4160K, reserved 1048576K
}
Event: 8.485 GC heap before
{Heap before GC invocations=9 (full 0):
 garbage-first heap   total 51200K, used 38588K [0x0000000085e00000, 0x0000000100000000)
  region size 1024K, 30 young (30720K), 5 survivors (5120K)
 Metaspace       used 41662K, committed 42240K, reserved 1114112K
  class space    used 4742K, committed 4992K, reserved 1048576K
}
Event: 8.490 GC heap after
{Heap after GC invocations=10 (full 0):
 garbage-first heap   total 51200K, used 14893K [0x0000000085e00000, 0x0000000100000000)
  region size 1024K, 3 young (3072K), 3 survivors (3072K)
 Metaspace       used 41662K, committed 42240K, reserved 1114112K
  class space    used 4742K, committed 4992K, reserved 1048576K
}
Event: 8.506 GC heap before
{Heap before GC invocations=10 (full 0):
 garbage-first heap   total 51200K, used 15917K [0x0000000085e00000, 0x0000000100000000)
  region size 1024K, 4 young (4096K), 3 survivors (3072K)
 Metaspace       used 41834K, committed 42368K, reserved 1114112K
  class space    used 4773K, committed 4992K, reserved 1048576K
}
Event: 8.508 GC heap after
{Heap after GC invocations=11 (full 0):
 garbage-first heap   total 51200K, used 15112K [0x0000000085e00000, 0x0000000100000000)
  region size 1024K, 1 young (1024K), 1 survivors (1024K)
 Metaspace       used 41834K, committed 42368K, reserved 1114112K
  class space    used 4773K, committed 4992K, reserved 1048576K
}

